🚀 Storybook Demo Server running!
📱 Local: http://localhost:8000
🌐 Network: http://127.0.0.1:8000

📋 Available Pages:
   🏠 Home: http://localhost:8000/
   📊 Dashboard: http://localhost:8000/dashboard
   📋 Campaigns: http://localhost:8000/campaigns
   📅 Bookings: http://localhost:8000/bookings
   📈 Performance: http://localhost:8000/performance
11:28:06 PM - GET /
11:28:52 PM - GET /
11:28:52 PM - GET /favicon.ico
11:33:31 PM - GET /
11:38:18 PM - GET /
11:41:25 PM - GET /dashboard
11:41:26 PM - GET /campaigns
11:41:27 PM - GET /bookings
11:41:27 PM - GET /bookings
11:41:28 PM - GET /performance
11:41:29 PM - GET /bookings
11:41:30 PM - GET /campaigns
11:41:31 PM - GET /dashboard
11:41:32 PM - GET /
