
> gambit@0.1.0 storybook
> storybook dev -p 6006

storybook v9.0.16

You are currently using Storybook 9.0.16 but you have packages which are incompatible with it:

- storybook-addon-themes@6.1.0 which depends on ^6.0.0
 Repo: https://github.com/tonai/storybook-addon-themes

Please consider updating your packages or contacting the maintainers for compatibility details.

For more on Storybook 9 compatibility, see the linked GitHub issue:
https://github.com/storybookjs/storybook/issues/30944
info => Serving static files from ././public at /
info => Starting manager..
info => Starting preview..
info Addon-docs: using MDX3
info => Using implicit CSS loaders
info => Using SWC as compiler
info => Using default Webpack5 setup
info Using tsconfig paths for react-docgen
╭─────────────────────────────────────────────────────────────────────╮
│                                                                     │
│   [38;2;162;224;94mStorybook 9.0.16 for nextjs started[39m                               │
│   508 ms for manager and 6.39 s for preview                         │
│                                                                     │
│   Local:            http://localhost:6006/                          │
│   On your network:  http://192.168.178.101:6006/                    │
│                                                                     │
│   [38;2;243;173;56mA new version (9.0.17) is available![39m                              │
│                                                                     │
│   Upgrade now: [38;2;162;224;94mnpx storybook@latest upgrade[39m                         │
│                                                                     │
│   Read full changelog:                                              │
│   https://github.com/storybookjs/storybook/blob/main/CHANGELOG.md   │
│                                                                     │
╰─────────────────────────────────────────────────────────────────────╯
🚨 Unable to index ./src/components/ui/table-pagination.stories.tsx:
  Error: Could not parse import/exports with acorn
    at /Users/robertlijbers/Desktop/gambit/node_modules/storybook/dist/core-server/index.cjs:35060:24
    at async Promise.all (index 39)
    at async Promise.all (index 0)
    at async e.updateExtracted (/Users/robertlijbers/Desktop/gambit/node_modules/storybook/dist/core-server/index.cjs:35043:5)
    at async e.ensureExtracted (/Users/robertlijbers/Desktop/gambit/node_modules/storybook/dist/core-server/index.cjs:35080:8)
    at async e.getIndexAndStats (/Users/robertlijbers/Desktop/gambit/node_modules/storybook/dist/core-server/index.cjs:35304:97)
    at async e.getIndex (/Users/robertlijbers/Desktop/gambit/node_modules/storybook/dist/core-server/index.cjs:35297:13)
    at async Array.<anonymous> (/Users/robertlijbers/Desktop/gambit/node_modules/storybook/dist/core-server/index.cjs:35730:15)
🚨 Unable to index ./src/components/ui/table-pagination.stories.tsx:
  Error: Could not parse import/exports with acorn
    at /Users/robertlijbers/Desktop/gambit/node_modules/storybook/dist/core-server/index.cjs:35060:24
    at async Promise.all (index 39)
    at async Promise.all (index 0)
    at async e.updateExtracted (/Users/robertlijbers/Desktop/gambit/node_modules/storybook/dist/core-server/index.cjs:35043:5)
    at async e.ensureExtracted (/Users/robertlijbers/Desktop/gambit/node_modules/storybook/dist/core-server/index.cjs:35080:8)
    at async e.getIndexAndStats (/Users/robertlijbers/Desktop/gambit/node_modules/storybook/dist/core-server/index.cjs:35304:97)
    at async e.getIndex (/Users/robertlijbers/Desktop/gambit/node_modules/storybook/dist/core-server/index.cjs:35297:13)
    at async Array.<anonymous> (/Users/robertlijbers/Desktop/gambit/node_modules/storybook/dist/core-server/index.cjs:35730:15)
🚨 Unable to index ./src/components/ui/table-pagination.stories.tsx:
  Error: Could not parse import/exports with acorn
    at /Users/robertlijbers/Desktop/gambit/node_modules/storybook/dist/core-server/index.cjs:35060:24
    at async Promise.all (index 39)
    at async Promise.all (index 0)
    at async e.updateExtracted (/Users/robertlijbers/Desktop/gambit/node_modules/storybook/dist/core-server/index.cjs:35043:5)
    at async e.ensureExtracted (/Users/robertlijbers/Desktop/gambit/node_modules/storybook/dist/core-server/index.cjs:35080:8)
    at async e.getIndexAndStats (/Users/robertlijbers/Desktop/gambit/node_modules/storybook/dist/core-server/index.cjs:35304:97)
    at async e.getIndex (/Users/robertlijbers/Desktop/gambit/node_modules/storybook/dist/core-server/index.cjs:35297:13)
    at async Array.<anonymous> (/Users/robertlijbers/Desktop/gambit/node_modules/storybook/dist/core-server/index.cjs:35730:15)
🚨 Unable to index ./src/components/ui/table-pagination.stories.tsx:
  Error: Could not parse import/exports with acorn
    at /Users/robertlijbers/Desktop/gambit/node_modules/storybook/dist/core-server/index.cjs:35060:24
    at async Promise.all (index 39)
    at async Promise.all (index 0)
    at async e.updateExtracted (/Users/robertlijbers/Desktop/gambit/node_modules/storybook/dist/core-server/index.cjs:35043:5)
    at async e.ensureExtracted (/Users/robertlijbers/Desktop/gambit/node_modules/storybook/dist/core-server/index.cjs:35080:8)
    at async e.getIndexAndStats (/Users/robertlijbers/Desktop/gambit/node_modules/storybook/dist/core-server/index.cjs:35304:97)
    at async e.getIndex (/Users/robertlijbers/Desktop/gambit/node_modules/storybook/dist/core-server/index.cjs:35297:13)
    at async Array.<anonymous> (/Users/robertlijbers/Desktop/gambit/node_modules/storybook/dist/core-server/index.cjs:35730:15)
🚨 Unable to index ./src/components/ui/table-pagination.stories.tsx:
  Error: Could not parse import/exports with acorn
    at /Users/robertlijbers/Desktop/gambit/node_modules/storybook/dist/core-server/index.cjs:35060:24
    at async Promise.all (index 39)
    at async Promise.all (index 0)
    at async e.updateExtracted (/Users/robertlijbers/Desktop/gambit/node_modules/storybook/dist/core-server/index.cjs:35043:5)
    at async e.ensureExtracted (/Users/robertlijbers/Desktop/gambit/node_modules/storybook/dist/core-server/index.cjs:35080:8)
    at async e.getIndexAndStats (/Users/robertlijbers/Desktop/gambit/node_modules/storybook/dist/core-server/index.cjs:35304:97)
    at async e.getIndex (/Users/robertlijbers/Desktop/gambit/node_modules/storybook/dist/core-server/index.cjs:35297:13)
    at async Array.<anonymous> (/Users/robertlijbers/Desktop/gambit/node_modules/storybook/dist/core-server/index.cjs:35730:15)
🚨 Unable to index ./src/components/ui/table-pagination.stories.tsx:
  Error: Could not parse import/exports with acorn
    at /Users/robertlijbers/Desktop/gambit/node_modules/storybook/dist/core-server/index.cjs:35060:24
    at async Promise.all (index 39)
    at async Promise.all (index 0)
    at async e.updateExtracted (/Users/robertlijbers/Desktop/gambit/node_modules/storybook/dist/core-server/index.cjs:35043:5)
    at async e.ensureExtracted (/Users/robertlijbers/Desktop/gambit/node_modules/storybook/dist/core-server/index.cjs:35080:8)
    at async e.getIndexAndStats (/Users/robertlijbers/Desktop/gambit/node_modules/storybook/dist/core-server/index.cjs:35304:97)
    at async e.getIndex (/Users/robertlijbers/Desktop/gambit/node_modules/storybook/dist/core-server/index.cjs:35297:13)
    at async Array.<anonymous> (/Users/robertlijbers/Desktop/gambit/node_modules/storybook/dist/core-server/index.cjs:35730:15)
🚨 Unable to index ./src/components/ui/table-pagination.stories.tsx:
  Error: Could not parse import/exports with acorn
    at /Users/robertlijbers/Desktop/gambit/node_modules/storybook/dist/core-server/index.cjs:35060:24
    at async Promise.all (index 39)
    at async Promise.all (index 0)
    at async e.updateExtracted (/Users/robertlijbers/Desktop/gambit/node_modules/storybook/dist/core-server/index.cjs:35043:5)
    at async e.ensureExtracted (/Users/robertlijbers/Desktop/gambit/node_modules/storybook/dist/core-server/index.cjs:35080:8)
    at async e.getIndexAndStats (/Users/robertlijbers/Desktop/gambit/node_modules/storybook/dist/core-server/index.cjs:35304:97)
    at async e.getIndex (/Users/robertlijbers/Desktop/gambit/node_modules/storybook/dist/core-server/index.cjs:35297:13)
    at async Array.<anonymous> (/Users/robertlijbers/Desktop/gambit/node_modules/storybook/dist/core-server/index.cjs:35730:15)
🚨 Unable to index ./src/components/ui/table-pagination.stories.tsx:
  Error: Could not parse import/exports with acorn
    at /Users/robertlijbers/Desktop/gambit/node_modules/storybook/dist/core-server/index.cjs:35060:24
    at async Promise.all (index 39)
    at async Promise.all (index 0)
    at async e.updateExtracted (/Users/robertlijbers/Desktop/gambit/node_modules/storybook/dist/core-server/index.cjs:35043:5)
    at async e.ensureExtracted (/Users/robertlijbers/Desktop/gambit/node_modules/storybook/dist/core-server/index.cjs:35080:8)
    at async e.getIndexAndStats (/Users/robertlijbers/Desktop/gambit/node_modules/storybook/dist/core-server/index.cjs:35304:97)
    at async e.getIndex (/Users/robertlijbers/Desktop/gambit/node_modules/storybook/dist/core-server/index.cjs:35297:13)
    at async Array.<anonymous> (/Users/robertlijbers/Desktop/gambit/node_modules/storybook/dist/core-server/index.cjs:35730:15)
🚨 Unable to index ./src/components/ui/table-pagination.stories.tsx:
  Error: Could not parse import/exports with acorn
    at /Users/robertlijbers/Desktop/gambit/node_modules/storybook/dist/core-server/index.cjs:35060:24
    at async Promise.all (index 39)
    at async Promise.all (index 0)
    at async e.updateExtracted (/Users/robertlijbers/Desktop/gambit/node_modules/storybook/dist/core-server/index.cjs:35043:5)
    at async e.ensureExtracted (/Users/robertlijbers/Desktop/gambit/node_modules/storybook/dist/core-server/index.cjs:35080:8)
    at async e.getIndexAndStats (/Users/robertlijbers/Desktop/gambit/node_modules/storybook/dist/core-server/index.cjs:35304:97)
    at async e.getIndex (/Users/robertlijbers/Desktop/gambit/node_modules/storybook/dist/core-server/index.cjs:35297:13)
    at async Array.<anonymous> (/Users/robertlijbers/Desktop/gambit/node_modules/storybook/dist/core-server/index.cjs:35730:15)
🚨 Unable to index ./src/components/ui/table-pagination.stories.tsx:
  Error: Could not parse import/exports with acorn
    at /Users/robertlijbers/Desktop/gambit/node_modules/storybook/dist/core-server/index.cjs:35060:24
    at async Promise.all (index 39)
    at async Promise.all (index 0)
    at async e.updateExtracted (/Users/robertlijbers/Desktop/gambit/node_modules/storybook/dist/core-server/index.cjs:35043:5)
    at async e.ensureExtracted (/Users/robertlijbers/Desktop/gambit/node_modules/storybook/dist/core-server/index.cjs:35080:8)
    at async e.getIndexAndStats (/Users/robertlijbers/Desktop/gambit/node_modules/storybook/dist/core-server/index.cjs:35304:97)
    at async e.getIndex (/Users/robertlijbers/Desktop/gambit/node_modules/storybook/dist/core-server/index.cjs:35297:13)
    at async Array.<anonymous> (/Users/robertlijbers/Desktop/gambit/node_modules/storybook/dist/core-server/index.cjs:35730:15)
🚨 Unable to index files:
- ./src/components/ui/checkbox.stories.tsx: Could not parse import/exports with acorn
- ./src/components/ui/switch.stories.tsx: Could not parse import/exports with acorn
- ./src/components/ui/table-pagination.stories.tsx: Could not parse import/exports with acorn
🚨 Unable to index files:
- ./src/components/ui/checkbox.stories.tsx: Could not parse import/exports with acorn
- ./src/components/ui/switch.stories.tsx: Could not parse import/exports with acorn
- ./src/components/ui/table-pagination.stories.tsx: Could not parse import/exports with acorn
🚨 Unable to index files:
- ./src/components/ui/checkbox.stories.tsx: Could not parse import/exports with acorn
- ./src/components/ui/switch.stories.tsx: Could not parse import/exports with acorn
- ./src/components/ui/table-pagination.stories.tsx: Could not parse import/exports with acorn
🚨 Unable to index files:
- ./src/components/ui/avatar.stories.tsx: Could not parse import/exports with acorn
- ./src/components/ui/bar-chart.stories.tsx: Could not parse import/exports with acorn
- ./src/components/ui/breadcrumb-mock.stories.tsx: Could not parse import/exports with acorn
- ./src/components/ui/checkbox.stories.tsx: Could not parse import/exports with acorn
- ./src/components/ui/date-picker.stories.tsx: Could not parse import/exports with acorn
- ./src/components/ui/dropdown-menu.stories.tsx: Could not parse import/exports with acorn
- ./src/components/ui/filter-bar.stories.tsx: Could not parse import/exports with acorn
- ./src/components/ui/label.stories.tsx: Could not parse import/exports with acorn
- ./src/components/ui/line-chart.stories.tsx: Could not parse import/exports with acorn
- ./src/components/ui/logo.stories.tsx: Could not parse import/exports with acorn
- ./src/components/ui/map-chart.stories.tsx: Could not parse import/exports with acorn
- ./src/components/ui/radar-chart.stories.tsx: Could not parse import/exports with acorn
- ./src/components/ui/right-drawer.stories.tsx: Could not parse import/exports with acorn
- ./src/components/ui/side-navigation.stories.tsx: Could not parse import/exports with acorn
- ./src/components/ui/smart-breadcrumbs.stories.tsx: Could not parse import/exports with acorn
- ./src/components/ui/switch.stories.tsx: Could not parse import/exports with acorn
- ./src/components/ui/table-pagination.stories.tsx: Could not parse import/exports with acorn
- ./src/components/ui/table.stories.tsx: Could not parse import/exports with acorn
- ./src/components/ui/tabs.stories.tsx: Could not parse import/exports with acorn
- ./src/components/ui/viewbar.stories.tsx: Could not parse import/exports with acorn
🚨 Unable to index files:
- ./src/components/ui/avatar.stories.tsx: Could not parse import/exports with acorn
- ./src/components/ui/bar-chart.stories.tsx: Could not parse import/exports with acorn
- ./src/components/ui/breadcrumb-mock.stories.tsx: Could not parse import/exports with acorn
- ./src/components/ui/checkbox.stories.tsx: Could not parse import/exports with acorn
- ./src/components/ui/date-picker.stories.tsx: Could not parse import/exports with acorn
- ./src/components/ui/dropdown-menu.stories.tsx: Could not parse import/exports with acorn
- ./src/components/ui/filter-bar.stories.tsx: Could not parse import/exports with acorn
- ./src/components/ui/label.stories.tsx: Could not parse import/exports with acorn
- ./src/components/ui/line-chart.stories.tsx: Could not parse import/exports with acorn
- ./src/components/ui/logo.stories.tsx: Could not parse import/exports with acorn
- ./src/components/ui/map-chart.stories.tsx: Could not parse import/exports with acorn
- ./src/components/ui/radar-chart.stories.tsx: Could not parse import/exports with acorn
- ./src/components/ui/right-drawer.stories.tsx: Could not parse import/exports with acorn
- ./src/components/ui/side-navigation.stories.tsx: Could not parse import/exports with acorn
- ./src/components/ui/smart-breadcrumbs.stories.tsx: Could not parse import/exports with acorn
- ./src/components/ui/switch.stories.tsx: Could not parse import/exports with acorn
- ./src/components/ui/table-pagination.stories.tsx: Could not parse import/exports with acorn
- ./src/components/ui/table.stories.tsx: Could not parse import/exports with acorn
- ./src/components/ui/tabs.stories.tsx: Could not parse import/exports with acorn
- ./src/components/ui/viewbar.stories.tsx: Could not parse import/exports with acorn
🚨 Unable to index files:
- ./src/components/ui/avatar.stories.tsx: Could not parse import/exports with acorn
- ./src/components/ui/bar-chart.stories.tsx: Could not parse import/exports with acorn
- ./src/components/ui/breadcrumb-mock.stories.tsx: Could not parse import/exports with acorn
- ./src/components/ui/checkbox.stories.tsx: Could not parse import/exports with acorn
- ./src/components/ui/date-picker.stories.tsx: Could not parse import/exports with acorn
- ./src/components/ui/dropdown-menu.stories.tsx: Could not parse import/exports with acorn
- ./src/components/ui/filter-bar.stories.tsx: Could not parse import/exports with acorn
- ./src/components/ui/label.stories.tsx: Could not parse import/exports with acorn
- ./src/components/ui/line-chart.stories.tsx: Could not parse import/exports with acorn
- ./src/components/ui/logo.stories.tsx: Could not parse import/exports with acorn
- ./src/components/ui/map-chart.stories.tsx: Could not parse import/exports with acorn
- ./src/components/ui/radar-chart.stories.tsx: Could not parse import/exports with acorn
- ./src/components/ui/right-drawer.stories.tsx: Could not parse import/exports with acorn
- ./src/components/ui/side-navigation.stories.tsx: Could not parse import/exports with acorn
- ./src/components/ui/smart-breadcrumbs.stories.tsx: Could not parse import/exports with acorn
- ./src/components/ui/switch.stories.tsx: Could not parse import/exports with acorn
- ./src/components/ui/table-pagination.stories.tsx: Could not parse import/exports with acorn
- ./src/components/ui/table.stories.tsx: Could not parse import/exports with acorn
- ./src/components/ui/tabs.stories.tsx: Could not parse import/exports with acorn
- ./src/components/ui/viewbar.stories.tsx: Could not parse import/exports with acorn
🚨 Unable to index files:
- ./src/components/ui/area-chart.stories.tsx: Could not parse import/exports with acorn
- ./src/components/ui/checkbox.stories.tsx: Could not parse import/exports with acorn
- ./src/components/ui/switch.stories.tsx: Could not parse import/exports with acorn
- ./src/components/ui/table-pagination.stories.tsx: Could not parse import/exports with acorn
🚨 Unable to index files:
- ./src/components/ui/area-chart.stories.tsx: Could not parse import/exports with acorn
- ./src/components/ui/checkbox.stories.tsx: Could not parse import/exports with acorn
- ./src/components/ui/switch.stories.tsx: Could not parse import/exports with acorn
- ./src/components/ui/table-pagination.stories.tsx: Could not parse import/exports with acorn
🚨 Unable to index files:
- ./src/components/layout/page-templates/creative-detail.stories.tsx: Could not parse import/exports with acorn
- ./src/components/ui/area-chart.stories.tsx: Could not parse import/exports with acorn
- ./src/components/ui/badge.stories.tsx: Could not parse import/exports with acorn
- ./src/components/ui/calendar-table.stories.tsx: Could not parse import/exports with acorn
- ./src/components/ui/checkbox.stories.tsx: Could not parse import/exports with acorn
- ./src/components/ui/filter.stories.tsx: Could not parse import/exports with acorn
- ./src/components/ui/switch.stories.tsx: Could not parse import/exports with acorn
- ./src/components/ui/table-pagination.stories.tsx: Could not parse import/exports with acorn
🚨 Unable to index files:
- ./src/components/layout/page-templates/bookings-calendar.stories.tsx: Could not parse import/exports with acorn
- ./src/components/ui/area-chart.stories.tsx: Could not parse import/exports with acorn
- ./src/components/ui/checkbox.stories.tsx: Could not parse import/exports with acorn
- ./src/components/ui/switch.stories.tsx: Could not parse import/exports with acorn
- ./src/components/ui/table-pagination.stories.tsx: Could not parse import/exports with acorn
🚨 Unable to index files:
- ./src/components/layout/page-templates/bookings-calendar.stories.tsx: Could not parse import/exports with acorn
- ./src/components/layout/page-templates/yield-dashboard.stories.tsx: Could not parse import/exports with acorn
- ./src/components/ui/area-chart.stories.tsx: Could not parse import/exports with acorn
- ./src/components/ui/checkbox.stories.tsx: Could not parse import/exports with acorn
- ./src/components/ui/switch.stories.tsx: Could not parse import/exports with acorn
- ./src/components/ui/table-pagination.stories.tsx: Could not parse import/exports with acorn
🚨 Unable to index files:
- ./src/components/layout/page-templates/bookings-calendar.stories.tsx: Could not parse import/exports with acorn
- ./src/components/layout/page-templates/yield-dashboard.stories.tsx: Could not parse import/exports with acorn
- ./src/components/ui/area-chart.stories.tsx: Could not parse import/exports with acorn
- ./src/components/ui/checkbox.stories.tsx: Could not parse import/exports with acorn
- ./src/components/ui/switch.stories.tsx: Could not parse import/exports with acorn
- ./src/components/ui/table-pagination.stories.tsx: Could not parse import/exports with acorn
🚨 Unable to index files:
- ./src/components/layout/page-templates/bookings-calendar.stories.tsx: Could not parse import/exports with acorn
- ./src/components/layout/page-templates/yield-dashboard.stories.tsx: Could not parse import/exports with acorn
- ./src/components/ui/area-chart.stories.tsx: Could not parse import/exports with acorn
- ./src/components/ui/checkbox.stories.tsx: Could not parse import/exports with acorn
- ./src/components/ui/switch.stories.tsx: Could not parse import/exports with acorn
- ./src/components/ui/table-pagination.stories.tsx: Could not parse import/exports with acorn
🚨 Unable to index files:
- ./src/components/layout/page-templates/bookings-calendar.stories.tsx: Could not parse import/exports with acorn
- ./src/components/layout/page-templates/dashboard.stories.tsx: Could not parse import/exports with acorn
- ./src/components/layout/page-templates/performance-dashboard.stories.tsx: Could not parse import/exports with acorn
- ./src/components/layout/page-templates/yield-dashboard.stories.tsx: Could not parse import/exports with acorn
- ./src/components/ui/area-chart.stories.tsx: Could not parse import/exports with acorn
- ./src/components/ui/checkbox.stories.tsx: Could not parse import/exports with acorn
- ./src/components/ui/switch.stories.tsx: Could not parse import/exports with acorn
- ./src/components/ui/table-pagination.stories.tsx: Could not parse import/exports with acorn
🚨 Unable to index files:
- ./src/components/layout/page-templates/bookings-calendar.stories.tsx: Could not parse import/exports with acorn
- ./src/components/layout/page-templates/dashboard.stories.tsx: Could not parse import/exports with acorn
- ./src/components/layout/page-templates/performance-dashboard.stories.tsx: Could not parse import/exports with acorn
- ./src/components/layout/page-templates/yield-dashboard.stories.tsx: Could not parse import/exports with acorn
- ./src/components/ui/area-chart.stories.tsx: Could not parse import/exports with acorn
- ./src/components/ui/checkbox.stories.tsx: Could not parse import/exports with acorn
- ./src/components/ui/switch.stories.tsx: Could not parse import/exports with acorn
- ./src/components/ui/table-pagination.stories.tsx: Could not parse import/exports with acorn
🚨 Unable to index files:
- ./src/components/layout/page-templates/bookings-calendar.stories.tsx: Could not parse import/exports with acorn
- ./src/components/layout/page-templates/dashboard.stories.tsx: Could not parse import/exports with acorn
- ./src/components/layout/page-templates/performance-dashboard.stories.tsx: Could not parse import/exports with acorn
- ./src/components/layout/page-templates/yield-dashboard.stories.tsx: Could not parse import/exports with acorn
- ./src/components/ui/area-chart.stories.tsx: Could not parse import/exports with acorn
- ./src/components/ui/checkbox.stories.tsx: Could not parse import/exports with acorn
- ./src/components/ui/switch.stories.tsx: Could not parse import/exports with acorn
- ./src/components/ui/table-pagination.stories.tsx: Could not parse import/exports with acorn
